<?xml version="1.0" encoding="UTF-8"?>
<!-- Generated by org.testng.reporters.JUnitXMLReporter -->
<testsuite ignored="0" hostname="LTIN514090" failures="0" tests="9" name="chrometest" time="32.638" errors="0" timestamp="2025-04-01T11:55:32 IST">
  <testcase classname="MiniProject.Main" name="launchWebsite" time="3.087"/>
  <testcase classname="MiniProject.Main" name="guestsAndRooms" time="1.171"/>
  <testcase classname="MiniProject.Main" name="searchCity" time="2.767"/>
  <testcase classname="MiniProject.Main" name="checkInOut" time="1.618"/>
  <testcase classname="MiniProject.Main" name="search" time="3.208"/>
  <testcase classname="MiniProject.Main" name="sortBy" time="3.611"/>
  <testcase classname="MiniProject.Main" name="verifyHotelDetails" time="4.844"/>
  <testcase classname="MiniProject.Main" name="readExcelData" time="0.233"/>
  <testcase classname="MiniProject.Main" name="quitBrowser" time="4.773"/>
</testsuite> <!-- chrometest -->
