<?xml version="1.0" encoding="UTF-8"?>
<!-- Generated by org.testng.reporters.JUnitXMLReporter -->
<testsuite ignored="0" hostname="LTIN514090" failures="0" tests="9" name="edgetest" time="28.733" errors="0" timestamp="2025-04-01T11:56:01 IST">
  <testcase classname="MiniProject.Main" name="launchWebsite" time="2.96"/>
  <testcase classname="MiniProject.Main" name="guestsAndRooms" time="1.237"/>
  <testcase classname="MiniProject.Main" name="searchCity" time="3.592"/>
  <testcase classname="MiniProject.Main" name="checkInOut" time="1.914"/>
  <testcase classname="MiniProject.Main" name="search" time="2.681"/>
  <testcase classname="MiniProject.Main" name="sortBy" time="3.166"/>
  <testcase classname="MiniProject.Main" name="verifyHotelDetails" time="2.883"/>
  <testcase classname="MiniProject.Main" name="readExcelData" time="0.048"/>
  <testcase classname="MiniProject.Main" name="quitBrowser" time="4.895"/>
</testsuite> <!-- edgetest -->
