<?xml version="1.0" encoding="UTF-8"?>
<!-- Generated by org.testng.reporters.JUnitXMLReporter -->
<testsuite ignored="0" hostname="LTIN514090" failures="8" tests="10" name="Test" time="49.883" errors="0" timestamp="2025-03-26T12:05:14 IST">
  <testcase classname="MiniProject.Main" name="launchWebsite" time="3.044"/>
  <testcase classname="MiniProject.Main" name="readData" time="0.007">
    <failure type="java.lang.NullPointerException" message="Cannot invoke &amp;quot;MiniProject.ExcelUtility.readExcelData()&amp;quot; because &amp;quot;this.excelUtility&amp;quot; is null">
      <![CDATA[java.lang.NullPointerException: Cannot invoke "MiniProject.ExcelUtility.readExcelData()" because "this.excelUtility" is null
at MiniProject.HotelSearch.readExcelData(HotelSearch.java:147)
at MiniProject.Main.readData(Main.java:28)
at java.base/java.util.ArrayList.forEach(ArrayList.java:1596)
... Removed 25 stack frames]]>
    </failure>
  </testcase> <!-- readData -->
  <testcase classname="MiniProject.Main" name="guestsAndRooms" time="0.874">
    <failure type="java.lang.NullPointerException" message="Cannot invoke &amp;quot;MiniProject.ScreenShots.takeScreenshot(String)&amp;quot; because &amp;quot;this.screenshotUtility&amp;quot; is null">
      <![CDATA[java.lang.NullPointerException: Cannot invoke "MiniProject.ScreenShots.takeScreenshot(String)" because "this.screenshotUtility" is null
at MiniProject.HotelSearch.guestsAndRooms(HotelSearch.java:99)
at MiniProject.Main.guestsAndRooms(Main.java:32)
at java.base/java.util.ArrayList.forEach(ArrayList.java:1596)
... Removed 25 stack frames]]>
    </failure>
  </testcase> <!-- guestsAndRooms -->
  <testcase classname="MiniProject.Main" name="searchCity" time="2.747">
    <failure type="java.lang.NullPointerException" message="Cannot invoke &amp;quot;MiniProject.ScreenShots.takeScreenshot(String)&amp;quot; because &amp;quot;this.screenshotUtility&amp;quot; is null">
      <![CDATA[java.lang.NullPointerException: Cannot invoke "MiniProject.ScreenShots.takeScreenshot(String)" because "this.screenshotUtility" is null
at MiniProject.HotelSearch.searchCity(HotelSearch.java:60)
at MiniProject.Main.searchCity(Main.java:37)
at java.base/java.util.ArrayList.forEach(ArrayList.java:1596)
... Removed 25 stack frames]]>
    </failure>
  </testcase> <!-- searchCity -->
  <testcase classname="MiniProject.Main" name="checkInOut" time="15.936">
    <failure type="java.lang.NullPointerException" message="Cannot invoke &amp;quot;MiniProject.ScreenShots.takeScreenshot(String)&amp;quot; because &amp;quot;this.screenshotUtility&amp;quot; is null">
      <![CDATA[java.lang.NullPointerException: Cannot invoke "MiniProject.ScreenShots.takeScreenshot(String)" because "this.screenshotUtility" is null
at MiniProject.HotelSearch.checkInOut(HotelSearch.java:86)
at MiniProject.Main.checkInOut(Main.java:42)
at java.base/java.util.ArrayList.forEach(ArrayList.java:1596)
... Removed 25 stack frames]]>
    </failure>
  </testcase> <!-- checkInOut -->
  <testcase classname="MiniProject.Main" name="search" time="2.18">
    <failure type="java.lang.NullPointerException" message="Cannot invoke &amp;quot;MiniProject.ScreenShots.takeScreenshot(String)&amp;quot; because &amp;quot;this.screenshotUtility&amp;quot; is null">
      <![CDATA[java.lang.NullPointerException: Cannot invoke "MiniProject.ScreenShots.takeScreenshot(String)" because "this.screenshotUtility" is null
at MiniProject.HotelSearch.search(HotelSearch.java:105)
at MiniProject.Main.search(Main.java:48)
at java.base/java.util.ArrayList.forEach(ArrayList.java:1596)
... Removed 25 stack frames]]>
    </failure>
  </testcase> <!-- search -->
  <testcase classname="MiniProject.Main" name="sortBy" time="9.806">
    <failure type="java.lang.NullPointerException" message="Cannot invoke &amp;quot;MiniProject.ScreenShots.takeScreenshot(String)&amp;quot; because &amp;quot;this.screenshotUtility&amp;quot; is null">
      <![CDATA[java.lang.NullPointerException: Cannot invoke "MiniProject.ScreenShots.takeScreenshot(String)" because "this.screenshotUtility" is null
at MiniProject.HotelSearch.sortBy(HotelSearch.java:118)
at MiniProject.Main.sortBy(Main.java:52)
at java.base/java.util.ArrayList.forEach(ArrayList.java:1596)
... Removed 25 stack frames]]>
    </failure>
  </testcase> <!-- sortBy -->
  <testcase classname="MiniProject.Main" name="verifyHotelDetails" time="5.443">
    <failure type="java.lang.NullPointerException" message="Cannot invoke &amp;quot;MiniProject.ExcelUtility.writeHotelData(String[][])&amp;quot; because &amp;quot;this.excelUtility&amp;quot; is null">
      <![CDATA[java.lang.NullPointerException: Cannot invoke "MiniProject.ExcelUtility.writeHotelData(String[][])" because "this.excelUtility" is null
at MiniProject.HotelSearch.verifyHotelDetails(HotelSearch.java:141)
at MiniProject.Main.verifyHotelDetails(Main.java:57)
at java.base/java.util.ArrayList.forEach(ArrayList.java:1596)
... Removed 25 stack frames]]>
    </failure>
  </testcase> <!-- verifyHotelDetails -->
  <testcase classname="MiniProject.Main" name="readExcelData" time="0.001">
    <failure type="java.lang.NullPointerException" message="Cannot invoke &amp;quot;MiniProject.ExcelUtility.readExcelData()&amp;quot; because &amp;quot;this.excelUtility&amp;quot; is null">
      <![CDATA[java.lang.NullPointerException: Cannot invoke "MiniProject.ExcelUtility.readExcelData()" because "this.excelUtility" is null
at MiniProject.HotelSearch.readExcelData(HotelSearch.java:147)
at MiniProject.Main.readExcelData(Main.java:62)
at java.base/java.util.ArrayList.forEach(ArrayList.java:1596)
... Removed 25 stack frames]]>
    </failure>
  </testcase> <!-- readExcelData -->
  <testcase classname="MiniProject.Main" name="quitBrowser" time="3.501"/>
</testsuite> <!-- Test -->
